2014-07-15 18:09:29,936 DEBUG core.JdbcTemplate - Executing prepared SQL query
2014-07-15 18:09:29,936 DEBUG core.JdbcTemplate - Executing prepared SQL statement [select count(id) from config_info order by id]
2014-07-15 18:09:29,936 DEBUG datasource.DataSourceUtils - Fetching JDBC Connection from DataSource
2014-07-15 18:09:29,936 DEBUG datasource.DataSourceUtils - Returning JDBC Connection to DataSource
2014-07-15 18:09:29,936 DEBUG core.JdbcTemplate - Executing prepared SQL query
2014-07-15 18:09:29,936 DEBUG core.JdbcTemplate - Executing prepared SQL statement [select id,data_id,group_id,content,md5 from config_info order by id  limit 0,1000]
2014-07-15 18:09:29,936 DEBUG datasource.DataSourceUtils - Fetching JDBC Connection from DataSource
2014-07-15 18:09:29,951 DEBUG datasource.DataSourceUtils - Returning JDBC Connection to DataSource
2014-07-15 18:09:29,951 DEBUG md5.MD5 - [hash]098f6bcd4621d373cade4e832627b4f6
2014-07-15 18:15:54,373 DEBUG servlet.DispatcherServlet - DispatcherServlet with name 'diamond' processing POST request for [/diamond-server/login.do]
2014-07-15 18:15:54,373 DEBUG annotation.DefaultAnnotationHandlerMapping - Mapping [/login.do] to HandlerExecutionChain with handler [com.taobao.diamond.server.controller.LoginController@1ccc7b7] and 1 interceptor
2014-07-15 18:15:54,373 DEBUG support.HandlerMethodInvoker - Invoking request handler method: public java.lang.String com.taobao.diamond.server.controller.LoginController.login(javax.servlet.http.HttpServletRequest,java.lang.String,java.lang.String,org.springframework.ui.ModelMap)
2014-07-15 18:15:54,373 DEBUG servlet.DispatcherServlet - Rendering view [org.springframework.web.servlet.view.JstlView: name 'admin/admin'; URL [/jsp/admin/admin.jsp]] in DispatcherServlet with name 'diamond'
2014-07-15 18:15:54,373 DEBUG view.JstlView - Forwarding to resource [/jsp/admin/admin.jsp] in InternalResourceView 'admin/admin'
2014-07-15 18:15:54,373 DEBUG servlet.DispatcherServlet - Successfully completed request
2014-07-15 18:15:55,482 DEBUG servlet.DispatcherServlet - DispatcherServlet with name 'diamond' processing GET request for [/diamond-server/admin.do]
2014-07-15 18:15:55,482 DEBUG annotation.DefaultAnnotationHandlerMapping - Mapping [/admin.do] to HandlerExecutionChain with handler [com.taobao.diamond.server.controller.AdminController@d8880c] and 1 interceptor
2014-07-15 18:15:55,482 DEBUG servlet.DispatcherServlet - Last-Modified value for [/diamond-server/admin.do] is: -1
2014-07-15 18:15:55,482 DEBUG support.HandlerMethodInvoker - Invoking request handler method: public java.lang.String com.taobao.diamond.server.controller.AdminController.listUser(javax.servlet.http.HttpServletRequest,javax.servlet.http.HttpServletResponse,org.springframework.ui.ModelMap)
2014-07-15 18:15:55,482 DEBUG servlet.DispatcherServlet - Rendering view [org.springframework.web.servlet.view.JstlView: name '/admin/user/list'; URL [/jsp//admin/user/list.jsp]] in DispatcherServlet with name 'diamond'
2014-07-15 18:15:55,482 DEBUG view.JstlView - Added model object 'userMap' of type [java.util.HashMap] to request in view with name '/admin/user/list'
2014-07-15 18:15:55,482 DEBUG view.JstlView - Forwarding to resource [/jsp//admin/user/list.jsp] in InternalResourceView '/admin/user/list'
2014-07-15 18:15:55,482 DEBUG servlet.DispatcherServlet - Successfully completed request
2014-07-15 18:15:58,717 DEBUG servlet.DispatcherServlet - DispatcherServlet with name 'diamond' processing GET request for [/diamond-server/admin.do]
2014-07-15 18:15:58,717 DEBUG annotation.DefaultAnnotationHandlerMapping - Mapping [/admin.do] to HandlerExecutionChain with handler [com.taobao.diamond.server.controller.AdminController@d8880c] and 1 interceptor
2014-07-15 18:15:58,717 DEBUG servlet.DispatcherServlet - Last-Modified value for [/diamond-server/admin.do] is: -1
2014-07-15 18:15:58,717 DEBUG env.StandardEnvironment - Initializing new StandardEnvironment
2014-07-15 18:15:58,717 DEBUG env.StandardEnvironment - Adding [systemProperties] PropertySource with lowest search precedence
2014-07-15 18:15:58,717 DEBUG env.StandardEnvironment - Adding [systemEnvironment] PropertySource with lowest search precedence
2014-07-15 18:15:58,717 DEBUG env.StandardEnvironment - Initialized StandardEnvironment with PropertySources [systemProperties,systemEnvironment]
2014-07-15 18:15:58,717 DEBUG env.StandardEnvironment - Initializing new StandardEnvironment
2014-07-15 18:15:58,717 DEBUG env.StandardEnvironment - Adding [systemProperties] PropertySource with lowest search precedence
2014-07-15 18:15:58,717 DEBUG env.StandardEnvironment - Adding [systemEnvironment] PropertySource with lowest search precedence
2014-07-15 18:15:58,717 DEBUG env.StandardEnvironment - Initialized StandardEnvironment with PropertySources [systemProperties,systemEnvironment]
2014-07-15 18:15:58,717 DEBUG env.StandardEnvironment - Initializing new StandardEnvironment
2014-07-15 18:15:58,717 DEBUG env.StandardEnvironment - Adding [systemProperties] PropertySource with lowest search precedence
2014-07-15 18:15:58,717 DEBUG env.StandardEnvironment - Adding [systemEnvironment] PropertySource with lowest search precedence
2014-07-15 18:15:58,717 DEBUG env.StandardEnvironment - Initialized StandardEnvironment with PropertySources [systemProperties,systemEnvironment]
2014-07-15 18:15:58,717 DEBUG env.StandardEnvironment - Initializing new StandardEnvironment
2014-07-15 18:15:58,717 DEBUG env.StandardEnvironment - Adding [systemProperties] PropertySource with lowest search precedence
2014-07-15 18:15:58,717 DEBUG env.StandardEnvironment - Adding [systemEnvironment] PropertySource with lowest search precedence
2014-07-15 18:15:58,717 DEBUG env.StandardEnvironment - Initialized StandardEnvironment with PropertySources [systemProperties,systemEnvironment]
2014-07-15 18:15:58,717 DEBUG env.StandardEnvironment - Initializing new StandardEnvironment
2014-07-15 18:15:58,717 DEBUG env.StandardEnvironment - Adding [systemProperties] PropertySource with lowest search precedence
2014-07-15 18:15:58,717 DEBUG env.StandardEnvironment - Adding [systemEnvironment] PropertySource with lowest search precedence
2014-07-15 18:15:58,717 DEBUG env.StandardEnvironment - Initialized StandardEnvironment with PropertySources [systemProperties,systemEnvironment]
2014-07-15 18:15:58,717 DEBUG env.StandardEnvironment - Initializing new StandardEnvironment
2014-07-15 18:15:58,717 DEBUG env.StandardEnvironment - Adding [systemProperties] PropertySource with lowest search precedence
2014-07-15 18:15:58,717 DEBUG env.StandardEnvironment - Adding [systemEnvironment] PropertySource with lowest search precedence
2014-07-15 18:15:58,717 DEBUG env.StandardEnvironment - Initialized StandardEnvironment with PropertySources [systemProperties,systemEnvironment]
2014-07-15 18:15:58,717 DEBUG env.StandardEnvironment - Initializing new StandardEnvironment
2014-07-15 18:15:58,717 DEBUG env.StandardEnvironment - Adding [systemProperties] PropertySource with lowest search precedence
2014-07-15 18:15:58,717 DEBUG env.StandardEnvironment - Adding [systemEnvironment] PropertySource with lowest search precedence
2014-07-15 18:15:58,717 DEBUG env.StandardEnvironment - Initialized StandardEnvironment with PropertySources [systemProperties,systemEnvironment]
2014-07-15 18:15:58,717 DEBUG env.StandardEnvironment - Initializing new StandardEnvironment
2014-07-15 18:15:58,717 DEBUG env.StandardEnvironment - Adding [systemProperties] PropertySource with lowest search precedence
2014-07-15 18:15:58,717 DEBUG env.StandardEnvironment - Adding [systemEnvironment] PropertySource with lowest search precedence
2014-07-15 18:15:58,717 DEBUG env.StandardEnvironment - Initialized StandardEnvironment with PropertySources [systemProperties,systemEnvironment]
2014-07-15 18:15:58,717 DEBUG env.StandardEnvironment - Initializing new StandardEnvironment
2014-07-15 18:15:58,717 DEBUG env.StandardEnvironment - Adding [systemProperties] PropertySource with lowest search precedence
2014-07-15 18:15:58,717 DEBUG env.StandardEnvironment - Adding [systemEnvironment] PropertySource with lowest search precedence
2014-07-15 18:15:58,717 DEBUG env.StandardEnvironment - Initialized StandardEnvironment with PropertySources [systemProperties,systemEnvironment]
2014-07-15 18:15:58,717 DEBUG env.StandardEnvironment - Initializing new StandardEnvironment
2014-07-15 18:15:58,717 DEBUG env.StandardEnvironment - Adding [systemProperties] PropertySource with lowest search precedence
2014-07-15 18:15:58,717 DEBUG env.StandardEnvironment - Adding [systemEnvironment] PropertySource with lowest search precedence
2014-07-15 18:15:58,717 DEBUG env.StandardEnvironment - Initialized StandardEnvironment with PropertySources [systemProperties,systemEnvironment]
2014-07-15 18:15:58,717 DEBUG support.HandlerMethodInvoker - Invoking request handler method: public java.lang.String com.taobao.diamond.server.controller.AdminController.listConfig(javax.servlet.http.HttpServletRequest,javax.servlet.http.HttpServletResponse,java.lang.String,java.lang.String,int,int,org.springframework.ui.ModelMap)
2014-07-15 18:15:58,717 DEBUG core.JdbcTemplate - Executing prepared SQL query
2014-07-15 18:15:58,717 DEBUG core.JdbcTemplate - Executing prepared SQL statement [select count(id) from config_info order by id]
2014-07-15 18:15:58,717 DEBUG datasource.DataSourceUtils - Fetching JDBC Connection from DataSource
2014-07-15 18:15:58,717 DEBUG datasource.DataSourceUtils - Returning JDBC Connection to DataSource
2014-07-15 18:15:58,717 DEBUG core.JdbcTemplate - Executing prepared SQL query
2014-07-15 18:15:58,717 DEBUG core.JdbcTemplate - Executing prepared SQL statement [select id,data_id,group_id,content,md5 from config_info order by id  limit 0,15]
2014-07-15 18:15:58,717 DEBUG datasource.DataSourceUtils - Fetching JDBC Connection from DataSource
2014-07-15 18:15:58,717 DEBUG datasource.DataSourceUtils - Returning JDBC Connection to DataSource
2014-07-15 18:15:58,717 DEBUG servlet.DispatcherServlet - Rendering view [org.springframework.web.servlet.view.JstlView: name '/admin/config/list'; URL [/jsp//admin/config/list.jsp]] in DispatcherServlet with name 'diamond'
2014-07-15 18:15:58,717 DEBUG view.JstlView - Added model object 'group' of type [java.lang.String] to request in view with name '/admin/config/list'
2014-07-15 18:15:58,717 DEBUG view.JstlView - Added model object 'page' of type [com.taobao.diamond.domain.Page] to request in view with name '/admin/config/list'
2014-07-15 18:15:58,717 DEBUG view.JstlView - Added model object 'org.springframework.validation.BindingResult.page' of type [org.springframework.validation.BeanPropertyBindingResult] to request in view with name '/admin/config/list'
2014-07-15 18:15:58,717 DEBUG view.JstlView - Added model object 'dataId' of type [java.lang.String] to request in view with name '/admin/config/list'
2014-07-15 18:15:58,717 DEBUG view.JstlView - Forwarding to resource [/jsp//admin/config/list.jsp] in InternalResourceView '/admin/config/list'
2014-07-15 18:15:58,717 DEBUG servlet.DispatcherServlet - Successfully completed request
2014-07-15 18:17:21,998 DEBUG servlet.DispatcherServlet - DispatcherServlet with name 'diamond' processing GET request for [/diamond-server/admin.do]
2014-07-15 18:17:21,998 DEBUG annotation.DefaultAnnotationHandlerMapping - Mapping [/admin.do] to HandlerExecutionChain with handler [com.taobao.diamond.server.controller.AdminController@d8880c] and 1 interceptor
2014-07-15 18:17:21,998 DEBUG servlet.DispatcherServlet - Last-Modified value for [/diamond-server/admin.do] is: -1
2014-07-15 18:17:21,998 DEBUG support.HandlerMethodInvoker - Invoking request handler method: public java.lang.String com.taobao.diamond.server.controller.AdminController.getConfigInfo(javax.servlet.http.HttpServletRequest,javax.servlet.http.HttpServletResponse,java.lang.String,java.lang.String,org.springframework.ui.ModelMap)
2014-07-15 18:17:21,998 DEBUG core.JdbcTemplate - Executing prepared SQL query
2014-07-15 18:17:21,998 DEBUG core.JdbcTemplate - Executing prepared SQL statement [select id,data_id,group_id,content,md5 from config_info where data_id=? and group_id=?]
2014-07-15 18:17:21,998 DEBUG datasource.DataSourceUtils - Fetching JDBC Connection from DataSource
2014-07-15 18:17:21,998 DEBUG datasource.DataSourceUtils - Returning JDBC Connection to DataSource
2014-07-15 18:17:21,998 DEBUG support.DefaultListableBeanFactory - Invoking afterPropertiesSet() on bean with name '/admin/config/edit'
2014-07-15 18:17:21,998 DEBUG servlet.DispatcherServlet - Rendering view [org.springframework.web.servlet.view.JstlView: name '/admin/config/edit'; URL [/jsp//admin/config/edit.jsp]] in DispatcherServlet with name 'diamond'
2014-07-15 18:17:21,998 DEBUG view.JstlView - Added model object 'configInfo' of type [com.taobao.diamond.domain.ConfigInfo] to request in view with name '/admin/config/edit'
2014-07-15 18:17:21,998 DEBUG view.JstlView - Added model object 'org.springframework.validation.BindingResult.configInfo' of type [org.springframework.validation.BeanPropertyBindingResult] to request in view with name '/admin/config/edit'
2014-07-15 18:17:21,998 DEBUG view.JstlView - Forwarding to resource [/jsp//admin/config/edit.jsp] in InternalResourceView '/admin/config/edit'
2014-07-15 18:17:22,029 DEBUG servlet.DispatcherServlet - Successfully completed request
2014-07-15 18:17:23,795 DEBUG servlet.DispatcherServlet - DispatcherServlet with name 'diamond' processing POST request for [/diamond-server/admin.do]
2014-07-15 18:17:23,795 DEBUG annotation.DefaultAnnotationHandlerMapping - Mapping [/admin.do] to HandlerExecutionChain with handler [com.taobao.diamond.server.controller.AdminController@d8880c] and 1 interceptor
2014-07-15 18:17:23,795 DEBUG support.HandlerMethodInvoker - Invoking request handler method: public java.lang.String com.taobao.diamond.server.controller.AdminController.updateConfig(javax.servlet.http.HttpServletRequest,javax.servlet.http.HttpServletResponse,java.lang.String,java.lang.String,java.lang.String,org.springframework.ui.ModelMap)
2014-07-15 18:17:23,795 DEBUG md5.MD5 - [hash]ad0234829205b9033196ba818f7a872b
2014-07-15 18:17:23,795 DEBUG md5.MD5 - [hash]ad0234829205b9033196ba818f7a872b
2014-07-15 18:17:23,795 DEBUG core.JdbcTemplate - Executing prepared SQL update
2014-07-15 18:17:23,795 DEBUG core.JdbcTemplate - Executing prepared SQL statement [update config_info set content=?,md5=?,gmt_modified=? where data_id=? and group_id=?]
2014-07-15 18:17:23,795 DEBUG datasource.DataSourceUtils - Fetching JDBC Connection from DataSource
2014-07-15 18:17:24,014 DEBUG core.JdbcTemplate - SQL update affected 1 rows
2014-07-15 18:17:24,014 DEBUG datasource.DataSourceUtils - Returning JDBC Connection to DataSource
2014-07-15 18:17:24,014 DEBUG core.JdbcTemplate - Executing prepared SQL query
2014-07-15 18:17:24,014 DEBUG core.JdbcTemplate - Executing prepared SQL statement [select id,data_id,group_id,content,md5 from config_info where data_id=? and group_id=?]
2014-07-15 18:17:24,014 DEBUG datasource.DataSourceUtils - Fetching JDBC Connection from DataSource
2014-07-15 18:17:24,014 DEBUG datasource.DataSourceUtils - Returning JDBC Connection to DataSource
2014-07-15 18:17:24,014 DEBUG servlet.DispatcherServlet - Rendering view [org.springframework.web.servlet.view.JstlView: name '/admin/config/list'; URL [/jsp//admin/config/list.jsp]] in DispatcherServlet with name 'diamond'
2014-07-15 18:17:24,014 DEBUG view.JstlView - Added model object 'message' of type [java.lang.String] to request in view with name '/admin/config/list'
2014-07-15 18:17:24,014 DEBUG view.JstlView - Added model object 'group' of type [java.lang.String] to request in view with name '/admin/config/list'
2014-07-15 18:17:24,014 DEBUG view.JstlView - Added model object 'page' of type [com.taobao.diamond.domain.Page] to request in view with name '/admin/config/list'
2014-07-15 18:17:24,014 DEBUG view.JstlView - Added model object 'org.springframework.validation.BindingResult.page' of type [org.springframework.validation.BeanPropertyBindingResult] to request in view with name '/admin/config/list'
2014-07-15 18:17:24,014 DEBUG view.JstlView - Added model object 'dataId' of type [java.lang.String] to request in view with name '/admin/config/list'
2014-07-15 18:17:24,014 DEBUG view.JstlView - Forwarding to resource [/jsp//admin/config/list.jsp] in InternalResourceView '/admin/config/list'
2014-07-15 18:17:24,014 DEBUG servlet.DispatcherServlet - Successfully completed request
2014-07-15 18:19:29,951 DEBUG core.JdbcTemplate - Executing prepared SQL query
2014-07-15 18:19:29,951 DEBUG core.JdbcTemplate - Executing prepared SQL statement [select count(id) from config_info order by id]
2014-07-15 18:19:29,951 DEBUG datasource.DataSourceUtils - Fetching JDBC Connection from DataSource
2014-07-15 18:19:29,951 DEBUG datasource.DataSourceUtils - Returning JDBC Connection to DataSource
2014-07-15 18:19:29,951 DEBUG core.JdbcTemplate - Executing prepared SQL query
2014-07-15 18:19:29,951 DEBUG core.JdbcTemplate - Executing prepared SQL statement [select id,data_id,group_id,content,md5 from config_info order by id  limit 0,1000]
2014-07-15 18:19:29,951 DEBUG datasource.DataSourceUtils - Fetching JDBC Connection from DataSource
2014-07-15 18:19:29,951 DEBUG datasource.DataSourceUtils - Returning JDBC Connection to DataSource
2014-07-15 18:19:29,951 DEBUG md5.MD5 - [hash]ad0234829205b9033196ba818f7a872b
2014-07-15 18:23:24,514 DEBUG servlet.DispatcherServlet - DispatcherServlet with name 'diamond' processing GET request for [/diamond-server/admin.do]
2014-07-15 18:23:24,514 DEBUG annotation.DefaultAnnotationHandlerMapping - Mapping [/admin.do] to HandlerExecutionChain with handler [com.taobao.diamond.server.controller.AdminController@d8880c] and 1 interceptor
2014-07-15 18:23:24,514 DEBUG servlet.DispatcherServlet - Last-Modified value for [/diamond-server/admin.do] is: -1
2014-07-15 18:23:24,514 DEBUG support.HandlerMethodInvoker - Invoking request handler method: public java.lang.String com.taobao.diamond.server.controller.AdminController.getConfigInfo(javax.servlet.http.HttpServletRequest,javax.servlet.http.HttpServletResponse,java.lang.String,java.lang.String,org.springframework.ui.ModelMap)
2014-07-15 18:23:24,514 DEBUG core.JdbcTemplate - Executing prepared SQL query
2014-07-15 18:23:24,514 DEBUG core.JdbcTemplate - Executing prepared SQL statement [select id,data_id,group_id,content,md5 from config_info where data_id=? and group_id=?]
2014-07-15 18:23:24,514 DEBUG datasource.DataSourceUtils - Fetching JDBC Connection from DataSource
2014-07-15 18:23:24,514 DEBUG datasource.DataSourceUtils - Returning JDBC Connection to DataSource
2014-07-15 18:23:24,514 DEBUG servlet.DispatcherServlet - Rendering view [org.springframework.web.servlet.view.JstlView: name '/admin/config/edit'; URL [/jsp//admin/config/edit.jsp]] in DispatcherServlet with name 'diamond'
2014-07-15 18:23:24,514 DEBUG view.JstlView - Added model object 'configInfo' of type [com.taobao.diamond.domain.ConfigInfo] to request in view with name '/admin/config/edit'
2014-07-15 18:23:24,514 DEBUG view.JstlView - Added model object 'org.springframework.validation.BindingResult.configInfo' of type [org.springframework.validation.BeanPropertyBindingResult] to request in view with name '/admin/config/edit'
2014-07-15 18:23:24,514 DEBUG view.JstlView - Forwarding to resource [/jsp//admin/config/edit.jsp] in InternalResourceView '/admin/config/edit'
2014-07-15 18:23:24,514 DEBUG servlet.DispatcherServlet - Successfully completed request
2014-07-15 18:23:26,920 DEBUG servlet.DispatcherServlet - DispatcherServlet with name 'diamond' processing POST request for [/diamond-server/admin.do]
2014-07-15 18:23:26,920 DEBUG annotation.DefaultAnnotationHandlerMapping - Mapping [/admin.do] to HandlerExecutionChain with handler [com.taobao.diamond.server.controller.AdminController@d8880c] and 1 interceptor
2014-07-15 18:23:26,920 DEBUG support.HandlerMethodInvoker - Invoking request handler method: public java.lang.String com.taobao.diamond.server.controller.AdminController.updateConfig(javax.servlet.http.HttpServletRequest,javax.servlet.http.HttpServletResponse,java.lang.String,java.lang.String,java.lang.String,org.springframework.ui.ModelMap)
2014-07-15 18:23:26,920 DEBUG md5.MD5 - [hash]dbe7ad6d32be4665b3716ff69a5d1b26
2014-07-15 18:23:26,920 DEBUG md5.MD5 - [hash]dbe7ad6d32be4665b3716ff69a5d1b26
2014-07-15 18:23:26,920 DEBUG core.JdbcTemplate - Executing prepared SQL update
2014-07-15 18:23:26,920 DEBUG core.JdbcTemplate - Executing prepared SQL statement [update config_info set content=?,md5=?,gmt_modified=? where data_id=? and group_id=?]
2014-07-15 18:23:26,920 DEBUG datasource.DataSourceUtils - Fetching JDBC Connection from DataSource
2014-07-15 18:23:27,045 DEBUG core.JdbcTemplate - SQL update affected 1 rows
2014-07-15 18:23:27,045 DEBUG datasource.DataSourceUtils - Returning JDBC Connection to DataSource
2014-07-15 18:23:27,045 DEBUG core.JdbcTemplate - Executing prepared SQL query
2014-07-15 18:23:27,045 DEBUG core.JdbcTemplate - Executing prepared SQL statement [select id,data_id,group_id,content,md5 from config_info where data_id=? and group_id=?]
2014-07-15 18:23:27,045 DEBUG datasource.DataSourceUtils - Fetching JDBC Connection from DataSource
2014-07-15 18:23:27,045 DEBUG datasource.DataSourceUtils - Returning JDBC Connection to DataSource
2014-07-15 18:23:27,045 DEBUG servlet.DispatcherServlet - Rendering view [org.springframework.web.servlet.view.JstlView: name '/admin/config/list'; URL [/jsp//admin/config/list.jsp]] in DispatcherServlet with name 'diamond'
2014-07-15 18:23:27,045 DEBUG view.JstlView - Added model object 'message' of type [java.lang.String] to request in view with name '/admin/config/list'
2014-07-15 18:23:27,045 DEBUG view.JstlView - Added model object 'group' of type [java.lang.String] to request in view with name '/admin/config/list'
2014-07-15 18:23:27,045 DEBUG view.JstlView - Added model object 'page' of type [com.taobao.diamond.domain.Page] to request in view with name '/admin/config/list'
2014-07-15 18:23:27,045 DEBUG view.JstlView - Added model object 'org.springframework.validation.BindingResult.page' of type [org.springframework.validation.BeanPropertyBindingResult] to request in view with name '/admin/config/list'
2014-07-15 18:23:27,045 DEBUG view.JstlView - Added model object 'dataId' of type [java.lang.String] to request in view with name '/admin/config/list'
2014-07-15 18:23:27,045 DEBUG view.JstlView - Forwarding to resource [/jsp//admin/config/list.jsp] in InternalResourceView '/admin/config/list'
2014-07-15 18:23:27,061 DEBUG servlet.DispatcherServlet - Successfully completed request
2014-07-15 18:23:59,857 DEBUG servlet.DispatcherServlet - DispatcherServlet with name 'diamond' processing GET request for [/diamond-server/notify.do]
2014-07-15 18:23:59,857 DEBUG annotation.DefaultAnnotationHandlerMapping - Mapping [/notify.do] to HandlerExecutionChain with handler [com.taobao.diamond.server.controller.NotifyController@c62558] and 1 interceptor
2014-07-15 18:23:59,857 DEBUG servlet.DispatcherServlet - Last-Modified value for [/diamond-server/notify.do] is: -1
2014-07-15 18:23:59,857 DEBUG support.HandlerMethodInvoker - Invoking request handler method: public java.lang.String com.taobao.diamond.server.controller.NotifyController.notifyConfigInfo(java.lang.String,java.lang.String)
2014-07-15 18:23:59,857 DEBUG core.JdbcTemplate - Executing prepared SQL query
2014-07-15 18:23:59,857 DEBUG core.JdbcTemplate - Executing prepared SQL statement [select id,data_id,group_id,content,md5 from config_info where data_id=? and group_id=?]
2014-07-15 18:23:59,857 DEBUG datasource.DataSourceUtils - Fetching JDBC Connection from DataSource
2014-07-15 18:23:59,857 DEBUG datasource.DataSourceUtils - Returning JDBC Connection to DataSource
2014-07-15 18:23:59,857 DEBUG support.DefaultListableBeanFactory - Invoking afterPropertiesSet() on bean with name '200'
2014-07-15 18:23:59,857 DEBUG servlet.DispatcherServlet - Rendering view [org.springframework.web.servlet.view.JstlView: name '200'; URL [/jsp/200.jsp]] in DispatcherServlet with name 'diamond'
2014-07-15 18:23:59,857 DEBUG view.JstlView - Forwarding to resource [/jsp/200.jsp] in InternalResourceView '200'
2014-07-15 18:23:59,857 DEBUG servlet.DispatcherServlet - Successfully completed request
2014-07-15 18:24:04,420 DEBUG servlet.DispatcherServlet - DispatcherServlet with name 'diamond' processing GET request for [/diamond-server/admin.do]
2014-07-15 18:24:04,420 DEBUG annotation.DefaultAnnotationHandlerMapping - Mapping [/admin.do] to HandlerExecutionChain with handler [com.taobao.diamond.server.controller.AdminController@d8880c] and 1 interceptor
2014-07-15 18:24:04,420 DEBUG servlet.DispatcherServlet - Last-Modified value for [/diamond-server/admin.do] is: -1
2014-07-15 18:24:04,420 DEBUG support.HandlerMethodInvoker - Invoking request handler method: public java.lang.String com.taobao.diamond.server.controller.AdminController.getConfigInfo(javax.servlet.http.HttpServletRequest,javax.servlet.http.HttpServletResponse,java.lang.String,java.lang.String,org.springframework.ui.ModelMap)
2014-07-15 18:24:04,420 DEBUG core.JdbcTemplate - Executing prepared SQL query
2014-07-15 18:24:04,420 DEBUG core.JdbcTemplate - Executing prepared SQL statement [select id,data_id,group_id,content,md5 from config_info where data_id=? and group_id=?]
2014-07-15 18:24:04,420 DEBUG datasource.DataSourceUtils - Fetching JDBC Connection from DataSource
2014-07-15 18:24:04,420 DEBUG datasource.DataSourceUtils - Returning JDBC Connection to DataSource
2014-07-15 18:24:04,420 DEBUG servlet.DispatcherServlet - Rendering view [org.springframework.web.servlet.view.JstlView: name '/admin/config/edit'; URL [/jsp//admin/config/edit.jsp]] in DispatcherServlet with name 'diamond'
2014-07-15 18:24:04,420 DEBUG view.JstlView - Added model object 'configInfo' of type [com.taobao.diamond.domain.ConfigInfo] to request in view with name '/admin/config/edit'
2014-07-15 18:24:04,420 DEBUG view.JstlView - Added model object 'org.springframework.validation.BindingResult.configInfo' of type [org.springframework.validation.BeanPropertyBindingResult] to request in view with name '/admin/config/edit'
2014-07-15 18:24:04,420 DEBUG view.JstlView - Forwarding to resource [/jsp//admin/config/edit.jsp] in InternalResourceView '/admin/config/edit'
2014-07-15 18:24:04,420 DEBUG servlet.DispatcherServlet - Successfully completed request
2014-07-15 18:24:06,061 DEBUG servlet.DispatcherServlet - DispatcherServlet with name 'diamond' processing POST request for [/diamond-server/admin.do]
2014-07-15 18:24:06,061 DEBUG annotation.DefaultAnnotationHandlerMapping - Mapping [/admin.do] to HandlerExecutionChain with handler [com.taobao.diamond.server.controller.AdminController@d8880c] and 1 interceptor
2014-07-15 18:24:06,061 DEBUG support.HandlerMethodInvoker - Invoking request handler method: public java.lang.String com.taobao.diamond.server.controller.AdminController.updateConfig(javax.servlet.http.HttpServletRequest,javax.servlet.http.HttpServletResponse,java.lang.String,java.lang.String,java.lang.String,org.springframework.ui.ModelMap)
2014-07-15 18:24:06,061 DEBUG md5.MD5 - [hash]971b33770d034ab5a54b3eb548053383
2014-07-15 18:24:06,061 DEBUG md5.MD5 - [hash]971b33770d034ab5a54b3eb548053383
2014-07-15 18:24:06,061 DEBUG core.JdbcTemplate - Executing prepared SQL update
2014-07-15 18:24:06,061 DEBUG core.JdbcTemplate - Executing prepared SQL statement [update config_info set content=?,md5=?,gmt_modified=? where data_id=? and group_id=?]
2014-07-15 18:24:06,061 DEBUG datasource.DataSourceUtils - Fetching JDBC Connection from DataSource
2014-07-15 18:24:06,107 DEBUG core.JdbcTemplate - SQL update affected 1 rows
2014-07-15 18:24:06,107 DEBUG datasource.DataSourceUtils - Returning JDBC Connection to DataSource
2014-07-15 18:24:06,107 DEBUG core.JdbcTemplate - Executing prepared SQL query
2014-07-15 18:24:06,107 DEBUG core.JdbcTemplate - Executing prepared SQL statement [select id,data_id,group_id,content,md5 from config_info where data_id=? and group_id=?]
2014-07-15 18:24:06,107 DEBUG datasource.DataSourceUtils - Fetching JDBC Connection from DataSource
2014-07-15 18:24:06,107 DEBUG datasource.DataSourceUtils - Returning JDBC Connection to DataSource
2014-07-15 18:24:06,107 DEBUG servlet.DispatcherServlet - Rendering view [org.springframework.web.servlet.view.JstlView: name '/admin/config/list'; URL [/jsp//admin/config/list.jsp]] in DispatcherServlet with name 'diamond'
2014-07-15 18:24:06,107 DEBUG view.JstlView - Added model object 'message' of type [java.lang.String] to request in view with name '/admin/config/list'
2014-07-15 18:24:06,107 DEBUG view.JstlView - Added model object 'group' of type [java.lang.String] to request in view with name '/admin/config/list'
2014-07-15 18:24:06,107 DEBUG view.JstlView - Added model object 'page' of type [com.taobao.diamond.domain.Page] to request in view with name '/admin/config/list'
2014-07-15 18:24:06,107 DEBUG view.JstlView - Added model object 'org.springframework.validation.BindingResult.page' of type [org.springframework.validation.BeanPropertyBindingResult] to request in view with name '/admin/config/list'
2014-07-15 18:24:06,107 DEBUG view.JstlView - Added model object 'dataId' of type [java.lang.String] to request in view with name '/admin/config/list'
2014-07-15 18:24:06,107 DEBUG view.JstlView - Forwarding to resource [/jsp//admin/config/list.jsp] in InternalResourceView '/admin/config/list'
2014-07-15 18:24:06,107 DEBUG servlet.DispatcherServlet - Successfully completed request
2014-07-15 18:26:12,154 DEBUG servlet.DispatcherServlet - DispatcherServlet with name 'diamond' processing GET request for [/diamond-server/admin.do]
2014-07-15 18:26:12,154 DEBUG annotation.DefaultAnnotationHandlerMapping - Mapping [/admin.do] to HandlerExecutionChain with handler [com.taobao.diamond.server.controller.AdminController@d8880c] and 1 interceptor
2014-07-15 18:26:12,154 DEBUG servlet.DispatcherServlet - Last-Modified value for [/diamond-server/admin.do] is: -1
2014-07-15 18:26:12,154 DEBUG support.HandlerMethodInvoker - Invoking request handler method: public java.lang.String com.taobao.diamond.server.controller.AdminController.getConfigInfo(javax.servlet.http.HttpServletRequest,javax.servlet.http.HttpServletResponse,java.lang.String,java.lang.String,org.springframework.ui.ModelMap)
2014-07-15 18:26:12,154 DEBUG core.JdbcTemplate - Executing prepared SQL query
2014-07-15 18:26:12,154 DEBUG core.JdbcTemplate - Executing prepared SQL statement [select id,data_id,group_id,content,md5 from config_info where data_id=? and group_id=?]
2014-07-15 18:26:12,154 DEBUG datasource.DataSourceUtils - Fetching JDBC Connection from DataSource
2014-07-15 18:26:12,154 DEBUG datasource.DataSourceUtils - Returning JDBC Connection to DataSource
2014-07-15 18:26:12,154 DEBUG servlet.DispatcherServlet - Rendering view [org.springframework.web.servlet.view.JstlView: name '/admin/config/edit'; URL [/jsp//admin/config/edit.jsp]] in DispatcherServlet with name 'diamond'
2014-07-15 18:26:12,154 DEBUG view.JstlView - Added model object 'configInfo' of type [com.taobao.diamond.domain.ConfigInfo] to request in view with name '/admin/config/edit'
2014-07-15 18:26:12,154 DEBUG view.JstlView - Added model object 'org.springframework.validation.BindingResult.configInfo' of type [org.springframework.validation.BeanPropertyBindingResult] to request in view with name '/admin/config/edit'
2014-07-15 18:26:12,154 DEBUG view.JstlView - Forwarding to resource [/jsp//admin/config/edit.jsp] in InternalResourceView '/admin/config/edit'
2014-07-15 18:26:12,154 DEBUG servlet.DispatcherServlet - Successfully completed request
2014-07-15 18:26:13,639 DEBUG servlet.DispatcherServlet - DispatcherServlet with name 'diamond' processing POST request for [/diamond-server/admin.do]
2014-07-15 18:26:13,639 DEBUG annotation.DefaultAnnotationHandlerMapping - Mapping [/admin.do] to HandlerExecutionChain with handler [com.taobao.diamond.server.controller.AdminController@d8880c] and 1 interceptor
2014-07-15 18:26:13,639 DEBUG support.HandlerMethodInvoker - Invoking request handler method: public java.lang.String com.taobao.diamond.server.controller.AdminController.updateConfig(javax.servlet.http.HttpServletRequest,javax.servlet.http.HttpServletResponse,java.lang.String,java.lang.String,java.lang.String,org.springframework.ui.ModelMap)
2014-07-15 18:26:13,639 DEBUG md5.MD5 - [hash]ad32b90594f19655a7dc782d364c28d9
2014-07-15 18:26:13,639 DEBUG md5.MD5 - [hash]ad32b90594f19655a7dc782d364c28d9
2014-07-15 18:26:13,639 DEBUG core.JdbcTemplate - Executing prepared SQL update
2014-07-15 18:26:13,639 DEBUG core.JdbcTemplate - Executing prepared SQL statement [update config_info set content=?,md5=?,gmt_modified=? where data_id=? and group_id=?]
2014-07-15 18:26:13,639 DEBUG datasource.DataSourceUtils - Fetching JDBC Connection from DataSource
2014-07-15 18:26:13,654 DEBUG core.JdbcTemplate - SQL update affected 1 rows
2014-07-15 18:26:13,654 DEBUG datasource.DataSourceUtils - Returning JDBC Connection to DataSource
2014-07-15 18:26:13,670 DEBUG core.JdbcTemplate - Executing prepared SQL query
2014-07-15 18:26:13,670 DEBUG core.JdbcTemplate - Executing prepared SQL statement [select id,data_id,group_id,content,md5 from config_info where data_id=? and group_id=?]
2014-07-15 18:26:13,670 DEBUG datasource.DataSourceUtils - Fetching JDBC Connection from DataSource
2014-07-15 18:26:13,670 DEBUG datasource.DataSourceUtils - Returning JDBC Connection to DataSource
2014-07-15 18:26:13,670 DEBUG servlet.DispatcherServlet - Rendering view [org.springframework.web.servlet.view.JstlView: name '/admin/config/list'; URL [/jsp//admin/config/list.jsp]] in DispatcherServlet with name 'diamond'
2014-07-15 18:26:13,670 DEBUG view.JstlView - Added model object 'message' of type [java.lang.String] to request in view with name '/admin/config/list'
2014-07-15 18:26:13,670 DEBUG view.JstlView - Added model object 'group' of type [java.lang.String] to request in view with name '/admin/config/list'
2014-07-15 18:26:13,670 DEBUG view.JstlView - Added model object 'page' of type [com.taobao.diamond.domain.Page] to request in view with name '/admin/config/list'
2014-07-15 18:26:13,670 DEBUG view.JstlView - Added model object 'org.springframework.validation.BindingResult.page' of type [org.springframework.validation.BeanPropertyBindingResult] to request in view with name '/admin/config/list'
2014-07-15 18:26:13,670 DEBUG view.JstlView - Added model object 'dataId' of type [java.lang.String] to request in view with name '/admin/config/list'
2014-07-15 18:26:13,670 DEBUG view.JstlView - Forwarding to resource [/jsp//admin/config/list.jsp] in InternalResourceView '/admin/config/list'
2014-07-15 18:26:13,670 DEBUG servlet.DispatcherServlet - Successfully completed request
2014-07-15 18:28:54,529 DEBUG servlet.DispatcherServlet - DispatcherServlet with name 'diamond' processing GET request for [/diamond-server/admin.do]
2014-07-15 18:28:54,529 DEBUG annotation.DefaultAnnotationHandlerMapping - Mapping [/admin.do] to HandlerExecutionChain with handler [com.taobao.diamond.server.controller.AdminController@d8880c] and 1 interceptor
2014-07-15 18:28:54,529 DEBUG servlet.DispatcherServlet - Last-Modified value for [/diamond-server/admin.do] is: -1
2014-07-15 18:28:54,529 DEBUG support.HandlerMethodInvoker - Invoking request handler method: public java.lang.String com.taobao.diamond.server.controller.AdminController.getConfigInfo(javax.servlet.http.HttpServletRequest,javax.servlet.http.HttpServletResponse,java.lang.String,java.lang.String,org.springframework.ui.ModelMap)
2014-07-15 18:28:54,529 DEBUG core.JdbcTemplate - Executing prepared SQL query
2014-07-15 18:28:54,529 DEBUG core.JdbcTemplate - Executing prepared SQL statement [select id,data_id,group_id,content,md5 from config_info where data_id=? and group_id=?]
2014-07-15 18:28:54,529 DEBUG datasource.DataSourceUtils - Fetching JDBC Connection from DataSource
2014-07-15 18:28:54,529 DEBUG datasource.DataSourceUtils - Returning JDBC Connection to DataSource
2014-07-15 18:28:54,529 DEBUG servlet.DispatcherServlet - Rendering view [org.springframework.web.servlet.view.JstlView: name '/admin/config/edit'; URL [/jsp//admin/config/edit.jsp]] in DispatcherServlet with name 'diamond'
2014-07-15 18:28:54,529 DEBUG view.JstlView - Added model object 'configInfo' of type [com.taobao.diamond.domain.ConfigInfo] to request in view with name '/admin/config/edit'
2014-07-15 18:28:54,529 DEBUG view.JstlView - Added model object 'org.springframework.validation.BindingResult.configInfo' of type [org.springframework.validation.BeanPropertyBindingResult] to request in view with name '/admin/config/edit'
2014-07-15 18:28:54,529 DEBUG view.JstlView - Forwarding to resource [/jsp//admin/config/edit.jsp] in InternalResourceView '/admin/config/edit'
2014-07-15 18:28:54,529 DEBUG servlet.DispatcherServlet - Successfully completed request
2014-07-15 18:28:56,061 DEBUG servlet.DispatcherServlet - DispatcherServlet with name 'diamond' processing POST request for [/diamond-server/admin.do]
2014-07-15 18:28:56,061 DEBUG annotation.DefaultAnnotationHandlerMapping - Mapping [/admin.do] to HandlerExecutionChain with handler [com.taobao.diamond.server.controller.AdminController@d8880c] and 1 interceptor
2014-07-15 18:28:56,061 DEBUG support.HandlerMethodInvoker - Invoking request handler method: public java.lang.String com.taobao.diamond.server.controller.AdminController.updateConfig(javax.servlet.http.HttpServletRequest,javax.servlet.http.HttpServletResponse,java.lang.String,java.lang.String,java.lang.String,org.springframework.ui.ModelMap)
2014-07-15 18:28:56,061 DEBUG md5.MD5 - [hash]476276ff3c3cf3ecb71a84f8295a3b4c
2014-07-15 18:28:56,061 DEBUG md5.MD5 - [hash]476276ff3c3cf3ecb71a84f8295a3b4c
2014-07-15 18:28:56,061 DEBUG core.JdbcTemplate - Executing prepared SQL update
2014-07-15 18:28:56,061 DEBUG core.JdbcTemplate - Executing prepared SQL statement [update config_info set content=?,md5=?,gmt_modified=? where data_id=? and group_id=?]
2014-07-15 18:28:56,061 DEBUG datasource.DataSourceUtils - Fetching JDBC Connection from DataSource
2014-07-15 18:28:56,295 DEBUG core.JdbcTemplate - SQL update affected 1 rows
2014-07-15 18:28:56,295 DEBUG datasource.DataSourceUtils - Returning JDBC Connection to DataSource
2014-07-15 18:28:56,311 DEBUG core.JdbcTemplate - Executing prepared SQL query
2014-07-15 18:28:56,311 DEBUG core.JdbcTemplate - Executing prepared SQL statement [select id,data_id,group_id,content,md5 from config_info where data_id=? and group_id=?]
2014-07-15 18:28:56,311 DEBUG datasource.DataSourceUtils - Fetching JDBC Connection from DataSource
2014-07-15 18:28:56,311 DEBUG datasource.DataSourceUtils - Returning JDBC Connection to DataSource
2014-07-15 18:28:56,311 DEBUG servlet.DispatcherServlet - Rendering view [org.springframework.web.servlet.view.JstlView: name '/admin/config/list'; URL [/jsp//admin/config/list.jsp]] in DispatcherServlet with name 'diamond'
2014-07-15 18:28:56,311 DEBUG view.JstlView - Added model object 'message' of type [java.lang.String] to request in view with name '/admin/config/list'
2014-07-15 18:28:56,311 DEBUG view.JstlView - Added model object 'group' of type [java.lang.String] to request in view with name '/admin/config/list'
2014-07-15 18:28:56,311 DEBUG view.JstlView - Added model object 'page' of type [com.taobao.diamond.domain.Page] to request in view with name '/admin/config/list'
2014-07-15 18:28:56,311 DEBUG view.JstlView - Added model object 'org.springframework.validation.BindingResult.page' of type [org.springframework.validation.BeanPropertyBindingResult] to request in view with name '/admin/config/list'
2014-07-15 18:28:56,311 DEBUG view.JstlView - Added model object 'dataId' of type [java.lang.String] to request in view with name '/admin/config/list'
2014-07-15 18:28:56,311 DEBUG view.JstlView - Forwarding to resource [/jsp//admin/config/list.jsp] in InternalResourceView '/admin/config/list'
2014-07-15 18:28:56,311 DEBUG servlet.DispatcherServlet - Successfully completed request
2014-07-15 18:29:29,967 DEBUG core.JdbcTemplate - Executing prepared SQL query
2014-07-15 18:29:29,967 DEBUG core.JdbcTemplate - Executing prepared SQL statement [select count(id) from config_info order by id]
2014-07-15 18:29:29,967 DEBUG datasource.DataSourceUtils - Fetching JDBC Connection from DataSource
2014-07-15 18:29:29,967 DEBUG datasource.DataSourceUtils - Returning JDBC Connection to DataSource
2014-07-15 18:29:29,967 DEBUG core.JdbcTemplate - Executing prepared SQL query
2014-07-15 18:29:29,967 DEBUG core.JdbcTemplate - Executing prepared SQL statement [select id,data_id,group_id,content,md5 from config_info order by id  limit 0,1000]
2014-07-15 18:29:29,967 DEBUG datasource.DataSourceUtils - Fetching JDBC Connection from DataSource
2014-07-15 18:29:29,967 DEBUG datasource.DataSourceUtils - Returning JDBC Connection to DataSource
2014-07-15 18:29:29,967 DEBUG md5.MD5 - [hash]476276ff3c3cf3ecb71a84f8295a3b4c
2014-07-15 18:39:29,967 DEBUG core.JdbcTemplate - Executing prepared SQL query
2014-07-15 18:39:29,967 DEBUG core.JdbcTemplate - Executing prepared SQL statement [select count(id) from config_info order by id]
2014-07-15 18:39:29,967 DEBUG datasource.DataSourceUtils - Fetching JDBC Connection from DataSource
2014-07-15 18:39:29,967 DEBUG datasource.DataSourceUtils - Returning JDBC Connection to DataSource
2014-07-15 18:39:29,967 DEBUG core.JdbcTemplate - Executing prepared SQL query
2014-07-15 18:39:29,967 DEBUG core.JdbcTemplate - Executing prepared SQL statement [select id,data_id,group_id,content,md5 from config_info order by id  limit 0,1000]
2014-07-15 18:39:29,967 DEBUG datasource.DataSourceUtils - Fetching JDBC Connection from DataSource
2014-07-15 18:39:29,967 DEBUG datasource.DataSourceUtils - Returning JDBC Connection to DataSource
2014-07-15 18:39:29,967 DEBUG md5.MD5 - [hash]476276ff3c3cf3ecb71a84f8295a3b4c
2014-07-15 18:49:29,982 DEBUG core.JdbcTemplate - Executing prepared SQL query
2014-07-15 18:49:29,982 DEBUG core.JdbcTemplate - Executing prepared SQL statement [select count(id) from config_info order by id]
2014-07-15 18:49:29,982 DEBUG datasource.DataSourceUtils - Fetching JDBC Connection from DataSource
2014-07-15 18:49:29,982 DEBUG datasource.DataSourceUtils - Returning JDBC Connection to DataSource
2014-07-15 18:49:29,982 DEBUG core.JdbcTemplate - Executing prepared SQL query
2014-07-15 18:49:29,982 DEBUG core.JdbcTemplate - Executing prepared SQL statement [select id,data_id,group_id,content,md5 from config_info order by id  limit 0,1000]
2014-07-15 18:49:29,982 DEBUG datasource.DataSourceUtils - Fetching JDBC Connection from DataSource
2014-07-15 18:49:29,982 DEBUG datasource.DataSourceUtils - Returning JDBC Connection to DataSource
2014-07-15 18:49:29,982 DEBUG md5.MD5 - [hash]476276ff3c3cf3ecb71a84f8295a3b4c
